Created reg_result table...
Created reg_types table...
Created regex_list table...
Created tab_flist table...
Inserted initial data...
Created reg_result table...
Created reg_types table...
Created regex_list table...
Created tab_flist table...
Inserted initial data...
Created reg_result table...
Created reg_types table...
Created regex_list table...
Created tab_flist table...
Inserted initial data...
Created reg_result table...
Created reg_types table...
Created regex_list table...
Created tab_flist table...
Unable to insert sample data -- ProgrammingError("You have an error in your SQL syntax; check the manual that corresponds to your MariaDB server version for the right syntax to use near 'SET @@sql_mode=CONCAT_WS(',', @@sql_mode, 'NO_BACKSLASH_ESCAPES');insert into...' at line 1")
Created reg_result table...
Created reg_types table...
Created regex_list table...
Created tab_flist table...
Inserted initial data...
Created reg_result table...
Created reg_types table...
Created regex_list table...
Created tab_flist table...
Inserted initial data...
Created reg_result table...
Created reg_types table...
Created regex_list table...
Created tab_flist table...
Inserted initial data...
Created reg_result table...
Created reg_types table...
Created regex_list table...
Created tab_flist table...
Inserted initial data...
Created reg_result table...
Created reg_types table...
Created regex_list table...
Created tab_flist table...
Inserted initial data...
